Using pre-set license
Built from '2020.3/staging' branch; Version is '2020.3.18f1 (a7d1c678663c) revision 10998214'; Using compiler version '192528614'; Build Type 'Release'
OS: 'Windows 10 Home; OS build 19043.1348; Version 2009; 64bit' Language: 'en' Physical Memory: 16300 MB
BatchMode: 1, IsHumanControllingUs: 0, StartBugReporterOnCrash: 0, Is64bit: 1, IsPro: 0

COMMAND LINE ARGUMENTS:
C:\Program Files\Unity\Hub\Editor\2020.3.18f1\Editor\Unity.exe
-adb2
-batchMode
-noUpm
-name
AssetImportWorker0
-projectPath
C:/Users/Dawid/Documents/GitHub/GymnasiearbeteClient/Gymnasiearbete
-logFile
Logs/AssetImportWorker0.log
-srvPort
53060
Successfully changed project path to: C:/Users/Dawid/Documents/GitHub/GymnasiearbeteClient/Gymnasiearbete
C:/Users/Dawid/Documents/GitHub/GymnasiearbeteClient/Gymnasiearbete
Using Asset Import Pipeline V2.
Refreshing native plugins compatible for Editor in 28.32 ms, found 2 plugins.
Preloading 0 native plugins for Editor in 0.00 ms.
Initialize engine version: 2020.3.18f1 (a7d1c678663c)
[Subsystems] Discovering subsystems at path C:/Program Files/Unity/Hub/Editor/2020.3.18f1/Editor/Data/Resources/UnitySubsystems
[Subsystems] Discovering subsystems at path C:/Users/Dawid/Documents/GitHub/GymnasiearbeteClient/Gymnasiearbete/Assets
GfxDevice: creating device client; threaded=0
Direct3D:
    Version:  Direct3D 11.0 [level 11.1]
    Renderer: NVIDIA GeForce GTX 1650 (ID=0x1f82)
    Vendor:   
    VRAM:     3962 MB
    Driver:   30.0.14.7212
Initialize mono
Mono path[0] = 'C:/Program Files/Unity/Hub/Editor/2020.3.18f1/Editor/Data/Managed'
Mono path[1] = 'C:/Program Files/Unity/Hub/Editor/2020.3.18f1/Editor/Data/MonoBleedingEdge/lib/mono/unityjit'
Mono config path = 'C:/Program Files/Unity/Hub/Editor/2020.3.18f1/Editor/Data/MonoBleedingEdge/etc'
Using monoOptions --debugger-agent=transport=dt_socket,embedding=1,server=y,suspend=n,address=127.0.0.1:56660
Begin MonoManager ReloadAssembly
Registering precompiled unity dll's ...
Register platform support module: C:/Program Files/Unity/Hub/Editor/2020.3.18f1/Editor/Data/PlaybackEngines/WindowsStandaloneSupport/UnityEditor.WindowsStandalone.Extensions.dll
Registered in 0.001703 seconds.
Native extension for WindowsStandalone target not found
Refreshing native plugins compatible for Editor in 25.89 ms, found 2 plugins.
Preloading 0 native plugins for Editor in 0.00 ms.
Mono: successfully reloaded assembly
- Completed reload, in  0.869 seconds
Domain Reload Profiling:
	ReloadAssembly (869ms)
		BeginReloadAssembly (50ms)
			ExecutionOrderSort (0ms)
			DisableScriptedObjects (0ms)
			BackupInstance (0ms)
			ReleaseScriptingObjects (0ms)
			CreateAndSetChildDomain (1ms)
		EndReloadAssembly (340ms)
			LoadAssemblies (48ms)
			RebuildTransferFunctionScriptingTraits (0ms)
			SetupTypeCache (124ms)
			ReleaseScriptCaches (0ms)
			RebuildScriptCaches (26ms)
			SetupLoadedEditorAssemblies (132ms)
				LogAssemblyErrors (0ms)
				InitializePlatformSupportModulesInManaged (3ms)
				SetLoadedEditorAssemblies (0ms)
				RefreshPlugins (26ms)
				BeforeProcessingInitializeOnLoad (14ms)
				ProcessInitializeOnLoadAttributes (65ms)
				ProcessInitializeOnLoadMethodAttributes (23ms)
				AfterProcessingInitializeOnLoad (0ms)
				EditorAssembliesLoaded (0ms)
			ExecutionOrderSort2 (0ms)
			AwakeInstancesAfterBackupRestoration (0ms)
Platform modules already initialized, skipping
Registering precompiled user dll's ...
Registered in 0.002431 seconds.
Begin MonoManager ReloadAssembly
Native extension for WindowsStandalone target not found
Refreshing native plugins compatible for Editor in 0.32 ms, found 2 plugins.
Preloading 0 native plugins for Editor in 0.00 ms.
Mono: successfully reloaded assembly
- Completed reload, in  0.828 seconds
Domain Reload Profiling:
	ReloadAssembly (829ms)
		BeginReloadAssembly (127ms)
			ExecutionOrderSort (0ms)
			DisableScriptedObjects (4ms)
			BackupInstance (0ms)
			ReleaseScriptingObjects (0ms)
			CreateAndSetChildDomain (16ms)
		EndReloadAssembly (647ms)
			LoadAssemblies (72ms)
			RebuildTransferFunctionScriptingTraits (0ms)
			SetupTypeCache (217ms)
			ReleaseScriptCaches (0ms)
			RebuildScriptCaches (35ms)
			SetupLoadedEditorAssemblies (248ms)
				LogAssemblyErrors (0ms)
				InitializePlatformSupportModulesInManaged (4ms)
				SetLoadedEditorAssemblies (0ms)
				RefreshPlugins (0ms)
				BeforeProcessingInitializeOnLoad (64ms)
				ProcessInitializeOnLoadAttributes (170ms)
				ProcessInitializeOnLoadMethodAttributes (4ms)
				AfterProcessingInitializeOnLoad (6ms)
				EditorAssembliesLoaded (0ms)
			ExecutionOrderSort2 (0ms)
			AwakeInstancesAfterBackupRestoration (5ms)
Platform modules already initialized, skipping
========================================================================
Worker process is ready to serve import requests
Launched and connected shader compiler UnityShaderCompiler.exe after 0.04 seconds
Refreshing native plugins compatible for Editor in 0.31 ms, found 2 plugins.
Preloading 0 native plugins for Editor in 0.00 ms.
Unloading 1400 Unused Serialized files (Serialized files now loaded: 0)
System memory in use before: 64.9 MB.
System memory in use after: 65.0 MB.

Unloading 16 unused Assets to reduce memory usage. Loaded Objects now: 1835.
Total: 2.811800 ms (FindLiveObjects: 0.150200 ms CreateObjectMapping: 0.031300 ms MarkObjects: 2.568000 ms  DeleteObjects: 0.061300 ms)

AssetImportParameters requested are different than current active one (requested -> active):
  custom:framework-win-MediaFoundation: 216162199b28c13a410421893ffa2e32 -> 
  custom:video-decoder-ogg-theora: a1e56fd34408186e4bbccfd4996cb3dc -> 
  custom:container-muxer-webm: aa71ff27fc2769a1b78a27578f13a17b -> 
  custom:container-demuxer-webm: 4f35f7cbe854078d1ac9338744f61a02 -> 
  custom:container-demuxer-ogg: 62fdf1f143b41e24485cea50d1cbac27 -> 
  custom:video-encoder-webm-vp8: eb34c28f22e8b96e1ab97ce403110664 -> 
  custom:video-decoder-webm-vp8: 9c59270c3fd7afecdb556c50c9e8de78 -> 
  custom:audio-decoder-ogg-vorbis: bf7c407c2cedff20999df2af8eb42d56 -> 
  custom:audio-encoder-webm-vorbis: bf7c407c2cedff20999df2af8eb42d56 -> 
========================================================================
Received Import Request.
  path: Assets/Canvas.prefab
  artifactKey: Guid(44964e977981de74587054fd8e4e1ace) Importer(815301076,1909f56bfc062723c751e8b465ee728b)
Start importing Assets/Canvas.prefab using Guid(44964e977981de74587054fd8e4e1ace) Importer(815301076,1909f56bfc062723c751e8b465ee728b)  -> (artifact id: 'dc15aec0e7c2480d3d1b914bf1d9038d') in 0.058799 seconds 
  Import took 0.061396 seconds .

========================================================================
Received Import Request.
  Time since last request: 19.045140 seconds.
  path: Assets/Scenes
  artifactKey: Guid(b1fe99c137335d44280b302b61d58c17) Importer(815301076,1909f56bfc062723c751e8b465ee728b)
Start importing Assets/Scenes using Guid(b1fe99c137335d44280b302b61d58c17) Importer(815301076,1909f56bfc062723c751e8b465ee728b)  -> (artifact id: '9aae06bc3c0a0fcd31a9286180ba2cd6') in 0.006394 seconds 
  Import took 0.008566 seconds .

========================================================================
Received Import Request.
  Time since last request: 0.005452 seconds.
  path: Assets/Scenes
  artifactKey: Guid(b1fe99c137335d44280b302b61d58c17) Importer(815301076,1909f56bfc062723c751e8b465ee728b)
Start importing Assets/Scenes using Guid(b1fe99c137335d44280b302b61d58c17) Importer(815301076,1909f56bfc062723c751e8b465ee728b)  -> (artifact id: '9aae06bc3c0a0fcd31a9286180ba2cd6') in 0.003198 seconds 
  Import took 0.005385 seconds .

========================================================================
Received Import Request.
  Time since last request: 3.786138 seconds.
  path: Assets/Scenes/SampleScene.unity
  artifactKey: Guid(9fc0d4010bbf28b4594072e72b8655ab) Importer(815301076,1909f56bfc062723c751e8b465ee728b)
Start importing Assets/Scenes/SampleScene.unity using Guid(9fc0d4010bbf28b4594072e72b8655ab) Importer(815301076,1909f56bfc062723c751e8b465ee728b)  -> (artifact id: '4b33c94e58e96d90da2293c0f646297a') in 0.006955 seconds 
  Import took 0.009101 seconds .

========================================================================
Received Import Request.
  Time since last request: 22.907480 seconds.
  path: Assets/LoadLevel.cs
  artifactKey: Guid(024f1e481ad990946b4ec1c5be8b3460) Importer(815301076,1909f56bfc062723c751e8b465ee728b)
Start importing Assets/LoadLevel.cs using Guid(024f1e481ad990946b4ec1c5be8b3460) Importer(815301076,1909f56bfc062723c751e8b465ee728b)  -> (artifact id: 'a14ec7a35503875459acb783e83238f9') in 0.011649 seconds 
  Import took 0.013838 seconds .

========================================================================
Received Import Request.
  Time since last request: 15.063845 seconds.
  path: Assets/Networking.cs
  artifactKey: Guid(a597a443cba82694099ecd044d237581) Importer(815301076,1909f56bfc062723c751e8b465ee728b)
Start importing Assets/Networking.cs using Guid(a597a443cba82694099ecd044d237581) Importer(815301076,1909f56bfc062723c751e8b465ee728b)  -> (artifact id: '61f8933e8136f4a9083fd65f852aada4') in 0.005850 seconds 
  Import took 0.008450 seconds .

========================================================================
Received Import Request.
  Time since last request: 0.024922 seconds.
  path: Assets/Networking.cs
  artifactKey: Guid(a597a443cba82694099ecd044d237581) Importer(815301076,1909f56bfc062723c751e8b465ee728b)
Start importing Assets/Networking.cs using Guid(a597a443cba82694099ecd044d237581) Importer(815301076,1909f56bfc062723c751e8b465ee728b)  -> (artifact id: '61f8933e8136f4a9083fd65f852aada4') in 0.005734 seconds 
  Import took 0.009023 seconds .

========================================================================
Received Import Request.
  Time since last request: 1.855168 seconds.
  path: Assets/UI.cs
  artifactKey: Guid(aad57d99679d09e4584e1cf2e017703d) Importer(815301076,1909f56bfc062723c751e8b465ee728b)
Start importing Assets/UI.cs using Guid(aad57d99679d09e4584e1cf2e017703d) Importer(815301076,1909f56bfc062723c751e8b465ee728b)  -> (artifact id: '4b91f3ed59c6a955f78ab21a5919cba4') in 0.005405 seconds 
  Import took 0.007628 seconds .

AssetImportWorkerClient::OnTransportError - code=2 error=End of file
